<?xml version="1.0" encoding="UTF-8"?>
<testsuite xmlns:xsi="http://www.w3.org/2001/XMLSchema-instance" xsi:noNamespaceSchemaLocation="https://maven.apache.org/surefire/maven-surefire-plugin/xsd/surefire-test-report-3.0.xsd" version="3.0" name="net.terria.registry.terraform.service.RegistryServiceTest" time="3.412" tests="2" errors="0" skipped="0" failures="0">
  <properties>
[...]
</properties>
  <testcase name="testInitWithEmptyStorage" classname="net.terria.registry.terraform.service.RegistryServiceTest" time="0.988">
    <system-out><![CDATA[10:41:38.656 [main] INFO org.springframework.test.context.support.AnnotationConfigContextLoaderUtils -- Could not detect default configuration classes for test class [net.terria.registry.terraform.service.RegistryServiceTest]: RegistryServiceTest does not declare any static, non-private, non-final, nested classes annotated with @Configuration.
10:41:38.793 [main] INFO org.springframework.boot.test.context.SpringBootTestContextBootstrapper -- Found @SpringBootConfiguration net.terria.registry.terraform.RegistryApplication for test class net.terria.registry.terraform.service.RegistryServiceTest

  .   ____          _            __ _ _
 /\\ / ___'_ __ _ _(_)_ __  __ _ \ \ \ \
( ( )\___ | '_ | '_| | '_ \/ _` | \ \ \ \
 \\/  ___)| |_)| | | | | || (_| |  ) ) ) )
  '  |____| .__|_| |_|_| |_\__, | / / / /
 =========|_|==============|___/=/_/_/_/
 :: Spring Boot ::                (v3.2.0)

2026-04-28T10:41:39.338+01:00  INFO 11916 --- [           main] n.t.r.t.service.RegistryServiceTest      : Starting RegistryServiceTest using Java 21 with PID 11916 (started by Admin in C:\work\workspace\dsp\cloud\iac\terra_incognita\java-impl)
2026-04-28T10:41:39.340+01:00  INFO 11916 --- [           main] n.t.r.t.service.RegistryServiceTest      : No active profile set, falling back to 1 default profile: "default"
2026-04-28T10:41:40.283+01:00  WARN 11916 --- [           main] n.t.r.terraform.service.RegistryService  : Registry storage path does not exist: C:\cygwin\tmp\test-registry-98d3966e-dba0-453d-ba9e-c02097a12649
2026-04-28T10:41:40.804+01:00  INFO 11916 --- [           main] n.t.r.t.service.RegistryServiceTest      : Started RegistryServiceTest in 1.785 seconds (process running for 3.21)
2026-04-28T10:41:41.691+01:00  WARN 11916 --- [           main] n.t.r.terraform.service.RegistryService  : Registry storage path does not exist: C:\cygwin\tmp\test-registry-98d3966e-dba0-453d-ba9e-c02097a12649
]]></system-out>
    <system-err><![CDATA[WARNING: A Java agent has been loaded dynamically (C:\Users\Admin\.m2\repository\net\bytebuddy\byte-buddy-agent\1.14.10\byte-buddy-agent-1.14.10.jar)
WARNING: If a serviceability tool is in use, please run with -XX:+EnableDynamicAgentLoading to hide this warning
WARNING: If a serviceability tool is not in use, please run with -Djdk.instrument.traceUsage for more information
WARNING: Dynamic loading of agents will be disallowed by default in a future release
]]></system-err>
  </testcase>
  <testcase name="testInitWithProvider" classname="net.terria.registry.terraform.service.RegistryServiceTest" time="0.015">
    <system-out><![CDATA[2026-04-28T10:41:41.822+01:00  INFO 11916 --- [           main] n.t.r.terraform.service.RegistryService  : Registry indexes rebuilt. Providers: 1, Modules: 0
]]></system-out>
  </testcase>
</testsuite>